# JRE version: OpenJDK Runtime Environment (8.0_202-b03) (build 1.8.0_202-release-1483-b03)
# Java VM: OpenJDK 64-Bit Server VM (25.202-b03 mixed mode windows-amd64 compressed oops)
Heap:
 PSYoungGen      total 219136K, used 126149K [0x00000000e0000000, 0x00000000efd00000, 0x0000000100000000)
  eden space 195584K, 52% used [0x00000000e0000000,0x00000000e64397b8,0x00000000ebf00000)
  from space 23552K, 99% used [0x00000000edc00000,0x00000000ef2f8008,0x00000000ef300000)
  to   space 29696K, 0% used [0x00000000ebf00000,0x00000000ebf00000,0x00000000edc00000)
 ParOldGen       total 156672K, used 42835K [0x00000000a0000000, 0x00000000a9900000, 0x00000000e0000000)
  object space 156672K, 27% used [0x00000000a0000000,0x00000000a29d4f00,0x00000000a9900000)
 Metaspace       used 71802K, capacity 74202K, committed 74496K, reserved 1114112K
  class space    used 9633K, capacity 10170K, committed 10240K, reserved 1048576K
GC Heap History (10 events):
Event: 26.746 GC heap before
{Heap before GC invocations=11 (full 2):
 PSYoungGen      total 152064K, used 149563K [0x00000000e0000000, 0x00000000ea900000, 0x0000000100000000)
  eden space 138752K, 100% used [0x00000000e0000000,0x00000000e8780000,0x00000000e8780000)
  from space 13312K, 81% used [0x00000000e9500000,0x00000000e9f8ef60,0x00000000ea200000)
  to   space 13824K, 0% used [0x00000000e8780000,0x00000000e8780000,0x00000000e9500000)
 ParOldGen       total 102400K, used 14226K [0x00000000a0000000, 0x00000000a6400000, 0x00000000e0000000)
  object space 102400K, 13% used [0x00000000a0000000,0x00000000a0de48d0,0x00000000a6400000)
 Metaspace       used 52604K, capacity 54020K, committed 54272K, reserved 1095680K
  class space    used 7004K, capacity 7359K, committed 7424K, reserved 1048576K
Event: 26.789 GC heap after
Heap after GC invocations=11 (full 2):
 PSYoungGen      total 152576K, used 13804K [0x00000000e0000000, 0x00000000ecb00000, 0x0000000100000000)
  eden space 138752K, 0% used [0x00000000e0000000,0x00000000e0000000,0x00000000e8780000)
  from space 13824K, 99% used [0x00000000e8780000,0x00000000e94fb310,0x00000000e9500000)
  to   space 18944K, 0% used [0x00000000eb880000,0x00000000eb880000,0x00000000ecb00000)
 ParOldGen       total 102400K, used 22920K [0x00000000a0000000, 0x00000000a6400000, 0x00000000e0000000)
  object space 102400K, 22% used [0x00000000a0000000,0x00000000a1662168,0x00000000a6400000)
 Metaspace       used 52604K, capacity 54020K, committed 54272K, reserved 1095680K
  class space    used 7004K, capacity 7359K, committed 7424K, reserved 1048576K
}
Event: 29.534 GC heap before
{Heap before GC invocations=12 (full 2):
 PSYoungGen      total 152576K, used 108466K [0x00000000e0000000, 0x00000000ecb00000, 0x0000000100000000)
  eden space 138752K, 68% used [0x00000000e0000000,0x00000000e5c71780,0x00000000e8780000)
  from space 13824K, 99% used [0x00000000e8780000,0x00000000e94fb310,0x00000000e9500000)
  to   space 18944K, 0% used [0x00000000eb880000,0x00000000eb880000,0x00000000ecb00000)
 ParOldGen       total 102400K, used 22920K [0x00000000a0000000, 0x00000000a6400000, 0x00000000e0000000)
  object space 102400K, 22% used [0x00000000a0000000,0x00000000a1662168,0x00000000a6400000)
 Metaspace       used 57541K, capacity 59034K, committed 59136K, reserved 1099776K
  class space    used 7720K, capacity 8104K, committed 8192K, reserved 1048576K
Event: 29.577 GC heap after
Heap after GC invocations=12 (full 2):
 PSYoungGen      total 185344K, used 18936K [0x00000000e0000000, 0x00000000ed580000, 0x0000000100000000)
  eden space 166400K, 0% used [0x00000000e0000000,0x00000000e0000000,0x00000000ea280000)
  from space 18944K, 99% used [0x00000000eb880000,0x00000000ecafe210,0x00000000ecb00000)
  to   space 22528K, 0% used [0x00000000ea280000,0x00000000ea280000,0x00000000eb880000)
 ParOldGen       total 102400K, used 26675K [0x00000000a0000000, 0x00000000a6400000, 0x00000000e0000000)
  object space 102400K, 26% used [0x00000000a0000000,0x00000000a1a0cec0,0x00000000a6400000)
 Metaspace       used 57541K, capacity 59034K, committed 59136K, reserved 1099776K
  class space    used 7720K, capacity 8104K, committed 8192K, reserved 1048576K
}
Event: 29.577 GC heap before
{Heap before GC invocations=13 (full 3):
 PSYoungGen      total 185344K, used 18936K [0x00000000e0000000, 0x00000000ed580000, 0x0000000100000000)
  eden space 166400K, 0% used [0x00000000e0000000,0x00000000e0000000,0x00000000ea280000)
  from space 18944K, 99% used [0x00000000eb880000,0x00000000ecafe210,0x00000000ecb00000)
  to   space 22528K, 0% used [0x00000000ea280000,0x00000000ea280000,0x00000000eb880000)
 ParOldGen       total 102400K, used 26675K [0x00000000a0000000, 0x00000000a6400000, 0x00000000e0000000)
  object space 102400K, 26% used [0x00000000a0000000,0x00000000a1a0cec0,0x00000000a6400000)
 Metaspace       used 57541K, capacity 59034K, committed 59136K, reserved 1099776K
  class space    used 7720K, capacity 8104K, committed 8192K, reserved 1048576K
Event: 29.924 GC heap after
Heap after GC invocations=13 (full 3):
 PSYoungGen      total 185344K, used 0K [0x00000000e0000000, 0x00000000ed580000, 0x0000000100000000)
  eden space 166400K, 0% used [0x00000000e0000000,0x00000000e0000000,0x00000000ea280000)
  from space 18944K, 0% used [0x00000000eb880000,0x00000000eb880000,0x00000000ecb00000)
  to   space 22528K, 0% used [0x00000000ea280000,0x00000000ea280000,0x00000000eb880000)
 ParOldGen       total 156672K, used 36029K [0x00000000a0000000, 0x00000000a9900000, 0x00000000e0000000)
  object space 156672K, 22% used [0x00000000a0000000,0x00000000a232f560,0x00000000a9900000)
 Metaspace       used 57527K, capacity 58986K, committed 59136K, reserved 1099776K
  class space    used 7715K, capacity 8096K, committed 8192K, reserved 1048576K
}
Event: 35.398 GC heap before
{Heap before GC invocations=14 (full 3):
 PSYoungGen      total 185344K, used 166400K [0x00000000e0000000, 0x00000000ed580000, 0x0000000100000000)
  eden space 166400K, 100% used [0x00000000e0000000,0x00000000ea280000,0x00000000ea280000)
  from space 18944K, 0% used [0x00000000eb880000,0x00000000eb880000,0x00000000ecb00000)
  to   space 22528K, 0% used [0x00000000ea280000,0x00000000ea280000,0x00000000eb880000)
 ParOldGen       total 156672K, used 36029K [0x00000000a0000000, 0x00000000a9900000, 0x00000000e0000000)
  object space 156672K, 22% used [0x00000000a0000000,0x00000000a232f560,0x00000000a9900000)
 Metaspace       used 61878K, capacity 63744K, committed 63872K, reserved 1103872K
  class space    used 8341K, capacity 8801K, committed 8832K, reserved 1048576K
Event: 35.443 GC heap after
Heap after GC invocations=14 (full 3):
 PSYoungGen      total 188928K, used 17014K [0x00000000e0000000, 0x00000000ef300000, 0x0000000100000000)
  eden space 166400K, 0% used [0x00000000e0000000,0x00000000e0000000,0x00000000ea280000)
  from space 22528K, 75% used [0x00000000ea280000,0x00000000eb31dbd0,0x00000000eb880000)
  to   space 23552K, 0% used [0x00000000edc00000,0x00000000edc00000,0x00000000ef300000)
 ParOldGen       total 156672K, used 36101K [0x00000000a0000000, 0x00000000a9900000, 0x00000000e0000000)
  object space 156672K, 23% used [0x00000000a0000000,0x00000000a2341570,0x00000000a9900000)
 Metaspace       used 61878K, capacity 63744K, committed 63872K, reserved 1103872K
  class space    used 8341K, capacity 8801K, committed 8832K, reserved 1048576K
}
Event: 43.165 GC heap before
{Heap before GC invocations=15 (full 3):
 PSYoungGen      total 188928K, used 183414K [0x00000000e0000000, 0x00000000ef300000, 0x0000000100000000)
  eden space 166400K, 100% used [0x00000000e0000000,0x00000000ea280000,0x00000000ea280000)
  from space 22528K, 75% used [0x00000000ea280000,0x00000000eb31dbd0,0x00000000eb880000)
  to   space 23552K, 0% used [0x00000000edc00000,0x00000000edc00000,0x00000000ef300000)
 ParOldGen       total 156672K, used 36101K [0x00000000a0000000, 0x00000000a9900000, 0x00000000e0000000)
  object space 156672K, 23% used [0x00000000a0000000,0x00000000a2341570,0x00000000a9900000)
 Metaspace       used 70592K, capacity 72944K, committed 73088K, reserved 1112064K
  class space    used 9564K, capacity 10081K, committed 10112K, reserved 1048576K
Event: 43.209 GC heap after
Heap after GC invocations=15 (full 3):
 PSYoungGen      total 219136K, used 23520K [0x00000000e0000000, 0x00000000efd00000, 0x0000000100000000)
  eden space 195584K, 0% used [0x00000000e0000000,0x00000000e0000000,0x00000000ebf00000)
  from space 23552K, 99% used [0x00000000edc00000,0x00000000ef2f8008,0x00000000ef300000)
  to   space 29696K, 0% used [0x00000000ebf00000,0x00000000ebf00000,0x00000000edc00000)
 ParOldGen       total 156672K, used 42835K [0x00000000a0000000, 0x00000000a9900000, 0x00000000e0000000)
  object space 156672K, 27% used [0x00000000a0000000,0x00000000a29d4f00,0x00000000a9900000)
 Metaspace       used 70592K, capacity 72944K, committed 73088K, reserved 1112064K
  class space    used 9564K, capacity 10081K, committed 10112K, reserved 1048576K
}

